app/build/outputs/mapping/proguard/seeds.txt
com.google.mlkit.vision.demo.java.LivePreviewActivity: LivePreviewActivity()
com.google.mlkit.vision.demo.GraphicOverlay: int getImageHeight()
com.google.mlkit.vision.demo.GraphicOverlay: int getImageWidth()
com.google.mlkit.vision.demo.CameraSourcePreview
com.google.mlkit.vision.demo.CameraSourcePreview: CameraSourcePreview(android.content.Context,android.util.AttributeSet)
com.google.mlkit.vision.demo.java.LivePreviewActivity
com.google.mlkit.vision.demo.preference.SettingsActivity$LaunchSource: com.google.mlkit.vision.demo.preference.SettingsActivity$LaunchSource valueOf(java.lang.String)
com.google.mlkit.vision.demo.GraphicOverlay
com.google.mlkit.vision.demo.preference.SettingsActivity: SettingsActivity()
com.google.mlkit.vision.demo.GraphicOverlay: GraphicOverlay(android.content.Context,android.util.AttributeSet)
com.google.mlkit.vision.demo.preference.SettingsActivity$LaunchSource: com.google.mlkit.vision.demo.preference.SettingsActivity$LaunchSource[] values()
com.google.mlkit.vision.demo.preference.SettingsActivity
...
com.google.android.gms.internal.mlkit_vision_label_bundled.zzgm: com.google.android.gms.internal.mlkit_vision_label_bundled.zzed zzC
com.google.android.gms.internal.mlkit_vision_label_bundled.zzjp
com.google.android.gms.internal.mlkit_vision_internal_vkp.zzqt: com.google.android.gms.internal.mlkit_vision_internal_vkp.zzqt[] values()
com.google.android.gms.internal.mlkit_vision_object_detection_custom.zzzz: int zze
com.google.android.gms.internal.mlkit_vision_pose_common.zzhz: long zzi
com.google.android.gms.internal.mlkit_vision_pose_common.zzhw: com.google.android.gms.internal.mlkit_vision_pose_common.zzib zzf
com.google.android.gms.internal.mlkit_vision_internal_vkp.zzamr: float zzi
com.google.android.gms.internal.mlkit_vision_internal_vkp.zzrb: int zzg
com.google.android.gms.internal.mlkit_vision_object_detection_custom.zzjk: com.google.android.gms.internal.mlkit_vision_object_detection_custom.zzjk zzi
androidx.vectordrawable.graphics.drawable.VectorDrawableCompat$VGroup: android.graphics.Matrix getLocalMatrix()
com.google.android.gms.internal.mlkit_vision_mediapipe.zzfx: com.google.android.gms.internal.mlkit_vision_mediapipe.zzft zzb
com.google.android.gms.internal.mlkit_vision_object_detection_bundled.zzew: com.google.android.gms.internal.mlkit_vision_object_detection_bundled.zzew zzh
com.google.android.gms.internal.mlkit_vision_internal_vkp.zzqw: com.google.android.gms.internal.mlkit_vision_internal_vkp.zzoe zzW
com.google.android.gms.internal.mlkit_vision_pose_common.zzfn: int zzg
com.google.android.gms.internal.mlkit_vision_label_custom.zzkq
com.google.android.gms.internal.mlkit_vision_internal_vkp.zzaoj
com.google.android.gms.internal.mlkit_vision_internal_vkp.zzxx: int zzh
com.google.android.libraries.vision.visionkit.pipeline.zzaj: java.lang.String zzf
com.google.android.gms.internal.mlkit_vision_internal_vkp.zzea
com.google.android.gms.internal.mlkit_vision_internal_vkp.zzair: int zzm
com.google.android.gms.internal.mlkit_vision_label_bundled.zzeo: com.google.android.gms.internal.mlkit_vision_label_bundled.zzei zzf
androidx.versionedparcelable.ParcelImpl: android.os.Parcelable$Creator CREATOR
com.google.android.gms.internal.mlkit_vision_object_detection_custom.zzdd: int zzb
androidx.core.app.RemoteActionCompatParcelizer: void write(androidx.core.app.RemoteActionCompat,androidx.versionedparcelable.VersionedParcel)
com.google.android.gms.internal.mlkit_vision_label_custom.zzhc: long zze
com.google.android.gms.internal.vision.zzfi$zzg: float zzi
com.google.android.gms.internal.mlkit_vision_internal_vkp.zzib: int zze
com.google.android.gms.internal.mlkit_vision_object_detection_bundled.zzfe: com.google.android.gms.internal.mlkit_vision_object_detection_bundled.zzes zzf
com.google.android.libraries.vision.visionkit.pipeline.zzeg
com.google.android.gms.internal.mlkit_vision_label_custom.zzabe: com.google.android.gms.internal.mlkit_vision_label_custom.zzaap zzg
com.google.android.gms.internal.mlkit_vision_internal_vkp.zzaoh: com.google.android.gms.internal.mlkit_vision_internal_vkp.zzaoh zzj
com.google.android.gms.internal.mlkit_vision_internal_vkp.zzod: boolean zzg
com.google.android.gms.common.ConnectionResult: android.os.Parcelable$Creator CREATOR
com.google.android.gms.internal.mlkit_vision_label_bundled.zzkr: int zzj
com.google.android.gms.internal.mlkit_vision_internal_vkp.zzzc: int zzb
com.google.android.gms.internal.mlkit_vision_internal_vkp.zzyp: com.google.android.gms.internal.mlkit_vision_internal_vkp.zzyp zzn
com.google.android.libraries.barhopper.Barcode: com.google.android.libraries.barhopper.Barcode$CalendarEvent calendarEvent
com.google.android.gms.internal.mlkit_vision_internal_vkp.zzgu: com.google.android.gms.internal.mlkit_vision_internal_vkp.zzgu[] values()
com.google.android.gms.internal.mlkit_vision_pose_common.zzcg
com.google.android.libraries.barhopper.Barcode$DriverLicense: java.lang.String documentType