app/build/outputs/mapping/proguard/mapping.txt
# compiler: R8
# compiler_version: 2.1.75
# min_api: 26
# pg_map_id: aeb628a
# common_typos_disable
com.google.mlkit.vision.demo.-$$Lambda$GraphicOverlay$yBr5SAOGGutsB1HtBTmDsJ51qbk -> com.google.mlkit.vision.demo.a:
    com.google.mlkit.vision.demo.GraphicOverlay f$0 -> a
com.google.mlkit.vision.demo.-$$Lambda$ScopedExecutor$lkNgwdrb7pP5DHNgQbq5L9WrP-g -> com.google.mlkit.vision.demo.b:
    java.lang.Runnable f$1 -> c
    com.google.mlkit.vision.demo.ScopedExecutor f$0 -> b
com.google.mlkit.vision.demo.BitmapUtils -> com.google.mlkit.vision.demo.c:
    android.graphics.Bitmap getBitmap(java.nio.ByteBuffer,com.google.mlkit.vision.demo.FrameMetadata) -> a
    android.graphics.Bitmap rotateBitmap(android.graphics.Bitmap,int,boolean,boolean) -> b
com.google.mlkit.vision.demo.CameraImageGraphic -> com.google.mlkit.vision.demo.d:
    android.graphics.Bitmap bitmap -> b
    void draw(android.graphics.Canvas) -> a
com.google.mlkit.vision.demo.CameraSource -> com.google.mlkit.vision.demo.e:
    java.lang.Object processorLock -> j
    com.google.mlkit.vision.demo.GraphicOverlay graphicOverlay -> g
    java.util.IdentityHashMap bytesToByteBuffer -> l
    android.hardware.Camera camera -> b
    com.google.mlkit.vision.demo.CameraSource$FrameProcessingRunnable processingRunnable -> i
    int rotationDegrees -> d
    com.google.mlkit.vision.demo.VisionImageProcessor frameProcessor -> k
    android.app.Activity activity -> a
    int facing -> c
    com.google.android.gms.common.images.Size previewSize -> e
    android.graphics.SurfaceTexture dummySurfaceTexture -> f
    java.lang.Thread processingThread -> h
    com.google.mlkit.vision.demo.CameraSource$FrameProcessingRunnable access$100(com.google.mlkit.vision.demo.CameraSource) -> a
    java.util.IdentityHashMap access$200(com.google.mlkit.vision.demo.CameraSource) -> b
    java.lang.Object access$300(com.google.mlkit.vision.demo.CameraSource) -> c
    int access$400(com.google.mlkit.vision.demo.CameraSource) -> d
    com.google.android.gms.common.images.Size access$500(com.google.mlkit.vision.demo.CameraSource) -> e
    com.google.mlkit.vision.demo.GraphicOverlay access$600(com.google.mlkit.vision.demo.CameraSource) -> f
    com.google.mlkit.vision.demo.VisionImageProcessor access$700(com.google.mlkit.vision.demo.CameraSource) -> g
    android.hardware.Camera access$800(com.google.mlkit.vision.demo.CameraSource) -> h
com.google.mlkit.vision.demo.CameraSource$1 -> com.google.mlkit.vision.demo.e$a:
com.google.mlkit.vision.demo.CameraSource$CameraPreviewCallback -> com.google.mlkit.vision.demo.e$b:
    com.google.mlkit.vision.demo.CameraSource this$0 -> a
com.google.mlkit.vision.demo.CameraSource$FrameProcessingRunnable -> com.google.mlkit.vision.demo.e$c:
    java.lang.Object lock -> b
    java.nio.ByteBuffer pendingFrameData -> d
    com.google.mlkit.vision.demo.CameraSource this$0 -> e
    boolean active -> c
    void setActive(boolean) -> a
    void setNextFrame(byte[],android.hardware.Camera) -> b
com.google.mlkit.vision.demo.CameraSource$SizePair -> com.google.mlkit.vision.demo.e$d:
    com.google.android.gms.common.images.Size preview -> a
    com.google.android.gms.common.images.Size picture -> b
com.google.mlkit.vision.demo.CameraSourcePreview -> com.google.mlkit.vision.demo.CameraSourcePreview:
    android.content.Context context -> b
    com.google.mlkit.vision.demo.GraphicOverlay overlay -> g
    boolean surfaceAvailable -> e
    android.view.SurfaceView surfaceView -> c
    com.google.mlkit.vision.demo.CameraSource cameraSource -> f
    boolean startRequested -> d
    boolean access$102(com.google.mlkit.vision.demo.CameraSourcePreview,boolean) -> a
    void access$200(com.google.mlkit.vision.demo.CameraSourcePreview) -> b
    boolean isPortraitMode() -> c
    void start(com.google.mlkit.vision.demo.CameraSource) -> d
    void start(com.google.mlkit.vision.demo.CameraSource,com.google.mlkit.vision.demo.GraphicOverlay) -> e
    void startIfReady() -> f
    void stop() -> g
com.google.mlkit.vision.demo.CameraSourcePreview$1 -> com.google.mlkit.vision.demo.CameraSourcePreview$a:
...
com.google.android.gms.internal.mlkit_vision_mediapipe.zzhb -> com.google.android.gms.internal.mlkit_vision_mediapipe.o5:
    java.lang.String zza(com.google.android.gms.internal.mlkit_vision_mediapipe.zzgz,java.lang.String) -> a
    void zzb(java.lang.StringBuilder,int,java.lang.String,java.lang.Object) -> b
    void zzc(com.google.android.gms.internal.mlkit_vision_mediapipe.zzgz,java.lang.StringBuilder,int) -> c
    java.lang.String zzd(java.lang.String) -> d
com.google.android.gms.internal.mlkit_vision_mediapipe.zzhc -> com.google.android.gms.internal.mlkit_vision_mediapipe.p5:
    java.lang.Object[] zzd -> b
    com.google.android.gms.internal.mlkit_vision_mediapipe.zzgz zzg -> e
    int zzl -> j
    int zzk -> i
    int zzf -> d
    int[] zzc -> a
    com.google.android.gms.internal.mlkit_vision_mediapipe.zzgn zzm -> k
    int zze -> c
    com.google.android.gms.internal.mlkit_vision_mediapipe.zzfp zzo -> m
    sun.misc.Unsafe zzb -> p
    com.google.android.gms.internal.mlkit_vision_mediapipe.zzgu zzq -> n
    int[] zzj -> h
    com.google.android.gms.internal.mlkit_vision_mediapipe.zzhy zzn -> l
    int[] zza -> o
    boolean zzh -> f
    boolean zzi -> g
    com.google.android.gms.internal.mlkit_vision_mediapipe.zzhk zzr(int) -> A
    java.lang.Object zzs(int) -> B
    com.google.android.gms.internal.mlkit_vision_mediapipe.zzgc zzt(int) -> C
    int zzu(java.lang.Object,byte[],int,int,com.google.android.gms.internal.mlkit_vision_mediapipe.zzeu) -> D
    boolean zzv(java.lang.Object,int,com.google.android.gms.internal.mlkit_vision_mediapipe.zzhk) -> E
    int zzw(int) -> F
    int zzx(int) -> G
    int zzy(int) -> H
    int zzz(java.lang.Object,long) -> I
    void zzg(java.lang.Object,byte[],int,int,com.google.android.gms.internal.mlkit_vision_mediapipe.zzeu) -> a
    void zzd(java.lang.Object,java.lang.Object) -> b
    long zzA(java.lang.Object,long) -> c
    boolean zzB(java.lang.Object,java.lang.Object,int) -> d
com.google.android.gms.internal.mlkit_vision_mediapipe.zzhd -> com.google.android.gms.internal.mlkit_vision_mediapipe.q5:
    com.google.android.gms.internal.mlkit_vision_mediapipe.zzhy zzb -> b
    com.google.android.gms.internal.mlkit_vision_mediapipe.zzgz zza -> a
    com.google.android.gms.internal.mlkit_vision_mediapipe.zzfp zzd -> d
    boolean zzc -> c
    void zzg(java.lang.Object,byte[],int,int,com.google.android.gms.internal.mlkit_vision_mediapipe.zzeu) -> a
    void zzd(java.lang.Object,java.lang.Object) -> b
    com.google.android.gms.internal.mlkit_vision_mediapipe.zzhd zze(com.google.android.gms.internal.mlkit_vision_mediapipe.zzhy,com.google.android.gms.internal.mlkit_vision_mediapipe.zzfp,com.google.android.gms.internal.mlkit_vision_mediapipe.zzgz) -> c
    boolean zzb(java.lang.Object,java.lang.Object) -> e
    void zzh(java.lang.Object) -> f
    int zzc(java.lang.Object) -> g
    boolean zzi(java.lang.Object) -> i
com.google.android.gms.internal.mlkit_vision_mediapipe.zzhe -> com.google.android.gms.internal.mlkit_vision_mediapipe.r5:
com.google.android.gms.internal.mlkit_vision_mediapipe.zzhf -> com.google.android.gms.internal.mlkit_vision_mediapipe.s5:
    com.google.android.gms.internal.mlkit_vision_mediapipe.zzhe zza -> a
    com.google.android.gms.internal.mlkit_vision_mediapipe.zzhe zzb -> b
    com.google.android.gms.internal.mlkit_vision_mediapipe.zzhe zza() -> a
    com.google.android.gms.internal.mlkit_vision_mediapipe.zzhe zzb() -> b
com.google.android.gms.internal.mlkit_vision_mediapipe.zzhg -> com.google.android.gms.internal.mlkit_vision_mediapipe.t5: