app/build/outputs/mapping/proguard/usage.txt
com.google.mlkit.vision.demo.R
com.google.mlkit.vision.demo.java.facedetector.FaceGraphic:
    private static final float FACE_POSITION_RADIUS
    private static final float ID_TEXT_SIZE
    private static final float ID_Y_OFFSET
    private static final float BOX_STROKE_WIDTH
    private static final int NUM_COLORS
com.google.mlkit.vision.demo.BuildConfig
com.google.mlkit.vision.demo.preference.PreferenceUtils:
    private void <init>()
    private static final int POSE_DETECTOR_PERFORMANCE_MODE_FAST
com.google.mlkit.vision.demo.java.VisionProcessorBase:
    private static synthetic void lambda$processImageProxy$1(androidx.camera.core.ImageProxy,com.google.android.gms.tasks.Task)
    public void processBitmap(android.graphics.Bitmap,com.google.mlkit.vision.demo.GraphicOverlay)
    public void processImageProxy(androidx.camera.core.ImageProxy,com.google.mlkit.vision.demo.GraphicOverlay)
    protected static final java.lang.String MANUAL_TESTING_LOG
    private static final java.lang.String TAG
com.google.mlkit.vision.demo.CameraSourcePreview:
    public void release()
    private static final java.lang.String TAG
com.google.mlkit.vision.demo.R$array
com.google.mlkit.vision.demo.GraphicOverlay$Graphic:
    public android.content.Context getApplicationContext()
    public boolean isImageFlipped()
com.google.mlkit.vision.demo.R$dimen
com.google.mlkit.vision.demo.R$interpolator
com.google.mlkit.vision.demo.R$style
com.google.mlkit.vision.demo.R$xml
com.google.mlkit.vision.demo.java.facedetector.FaceDetectorProcessor:
    public void <init>(android.content.Context)
    private static final java.lang.String TAG
com.google.mlkit.vision.demo.R$anim
com.google.mlkit.vision.demo.R$drawable
com.google.mlkit.vision.demo.InferenceInfoGraphic:
    private static final int TEXT_COLOR
    private static final float TEXT_SIZE
com.google.mlkit.vision.demo.GraphicOverlay:
    public void remove(com.google.mlkit.vision.demo.GraphicOverlay$Graphic)
com.google.mlkit.vision.demo.BitmapUtils:
    public void <init>()
    public static android.graphics.Bitmap getBitmap(androidx.camera.core.ImageProxy)
    public static android.graphics.Bitmap getBitmapFromContentUri(android.content.ContentResolver,android.net.Uri)
    private static int getExifOrientationTag(android.content.ContentResolver,android.net.Uri)
    private static java.nio.ByteBuffer yuv420ThreePlanesToNV21(android.media.Image$Plane[],int,int)
    private static boolean areUVPlanesNV21(android.media.Image$Plane[],int,int)
    private static void unpackPlane(android.media.Image$Plane,int,int,byte[],int,int)
    private static final java.lang.String TAG
com.google.mlkit.vision.demo.R$integer
com.google.mlkit.vision.demo.R$id
com.google.mlkit.vision.demo.R$bool
com.google.mlkit.vision.demo.R$color
com.google.mlkit.vision.demo.R$mipmap
com.google.mlkit.vision.demo.R$menu
com.google.mlkit.vision.demo.R$attr
com.google.mlkit.vision.demo.java.LivePreviewActivity:
    private static final java.lang.String FACE_DETECTION
    private static final java.lang.String TAG
    private static final int PERMISSION_REQUESTS
com.google.mlkit.vision.demo.preference.SettingsActivity:
    public static final java.lang.String EXTRA_LAUNCH_SOURCE
com.google.mlkit.vision.demo.R$layout
com.google.mlkit.vision.demo.CameraSource:
    public static final int CAMERA_FACING_BACK
    public static final int CAMERA_FACING_FRONT
    public static final int IMAGE_FORMAT
    public static final int DEFAULT_REQUESTED_CAMERA_PREVIEW_WIDTH
    public static final int DEFAULT_REQUESTED_CAMERA_PREVIEW_HEIGHT
    private static final java.lang.String TAG
    private static final int DUMMY_TEXTURE_NAME
    private static final float ASPECT_RATIO_TOLERANCE
    private static final float REQUESTED_FPS
    private static final boolean REQUESTED_AUTO_FOCUS
com.google.mlkit.vision.demo.R$styleable
...
androidx.drawerlayout.widget.DrawerLayout$SavedState$1
com.google.android.gms.internal.mlkit_vision_internal_vkp.zzatd:
    static void <clinit>()
    static final synthetic int[] zza
com.google.common.collect.RegularImmutableSortedSet
androidx.core.hardware.fingerprint.FingerprintManagerCompat
com.google.common.collect.Lists$CharSequenceAsList
androidx.lifecycle.livedata.R
com.google.common.graph.package-info
com.google.common.cache.CacheBuilderSpec$ConcurrencyLevelParser
androidx.camera.camera2.internal.compat.CameraCaptureSessionCompat$CaptureCallbackExecutorWrapper$5
com.google.gson.internal.bind.MapTypeAdapterFactory$Adapter
androidx.constraintlayout.widget.ConstraintAttribute:
    public void <init>(java.lang.String,androidx.constraintlayout.widget.ConstraintAttribute$AttributeType)
    private static int clamp(int)
    public androidx.constraintlayout.widget.ConstraintAttribute$AttributeType getType()
    public void setFloatValue(float)
    public void setColorValue(int)
    public void setIntValue(int)
    public void setStringValue(java.lang.String)
    public int noOfInterpValues()
    public float getValueToInterpolate()
    public void getValuesToInterpolate(float[])
    public void setValue(float[])
    public boolean diff(androidx.constraintlayout.widget.ConstraintAttribute)
    public void setInterpolatedValue(android.view.View,float[])
    private static final java.lang.String TAG
com.google.android.gms.internal.mlkit_vision_object_detection_bundled.zzks:
    private void <init>()
com.google.android.gms.internal.mlkit_vision_internal_vkp.zzajg:
    private void <init>()
com.google.android.gms.internal.mlkit_vision_label_custom.zzjy:
    private void <init>()
com.google.android.gms.internal.mlkit_vision_internal_vkp.zzap:
    static void <clinit>()
    static final synthetic int[] zza
com.google.android.gms.internal.mlkit_vision_object_detection_custom.zzle:
    private void <init>()
com.google.common.cache.LocalCache$LocalManualCache
com.google.android.datatransport.runtime.scheduling.jobscheduling.Uploader:
    private static final java.lang.String LOG_TAG
com.google.android.gms.internal.mlkit_vision_barcode.zzte
okhttp3.internal.framed.Spdy3$Writer:
    public synchronized void synReply(boolean,int,java.util.List)
    public synchronized void headers(int,java.util.List)
com.google.android.gms.common.util.JsonUtils
com.google.common.graph.EndpointPair$Ordered
com.google.gson.internal.JsonReaderInternalAccess
com.google.common.cache.ReferenceEntry
androidx.versionedparcelable.VersionedParcel$ParcelException
com.google.android.gms.internal.mlkit_vision_label_bundled.zzcn:
    private void <init>()
com.google.android.gms.tasks.zzn:
    public final void zzb()
com.google.common.cache.LocalCache$WeakAccessWriteEntry
com.google.mlkit.vision.face.Empty
okhttp3.internal.http.OkHeaders:
    private void <init>()
    public static boolean varyMatches(okhttp3.Response,okhttp3.Headers,okhttp3.Request)
    public static boolean hasVaryAll(okhttp3.Response)
    public static boolean hasVaryAll(okhttp3.Headers)
    private static java.util.Set varyFields(okhttp3.Response)
    public static java.util.Set varyFields(okhttp3.Headers)
    public static okhttp3.Headers varyHeaders(okhttp3.Response)
    public static okhttp3.Headers varyHeaders(okhttp3.Headers,okhttp3.Headers)
    public static java.util.List parseChallenges(okhttp3.Headers,java.lang.String)
com.google.android.datatransport.runtime.logging.Logging:
    private void <init>()
    public static void d(java.lang.String,java.lang.String)
    public static void d(java.lang.String,java.lang.String,java.lang.Object,java.lang.Object)
com.google.common.primitives.UnsignedLongs$ParseOverflowDetection
com.google.android.gms.internal.clearcut.zzge$zzn
androidx.appcompat.widget.TooltipCompat:
    private void <init>()
androidx.viewpager.widget.ViewPager$OnPageChangeListener
com.google.common.collect.Synchronized$SynchronizedAsMapValues$1
androidx.core.view.MenuCompat